#! /usr/bin/vvp
:ivl_version "10.3 (stable)";
:ivl_delay_selection "TYPICAL";
:vpi_time_precision - 12;
:vpi_module "system";
:vpi_module "vhdl_sys";
:vpi_module "v2005_math";
:vpi_module "va_math";
S_0x564614f95b10 .scope module, "tb_fifo" "tb_fifo" 2 3;
 .timescale -9 -12;
v0x564614fc7560_0 .var "clk", 0 0;
v0x564614fc7620_0 .var "data_in", 15 0;
v0x564614fc76f0_0 .net "data_out", 15 0, v0x564614fc6cf0_0;  1 drivers
v0x564614fc77f0_0 .net "empty", 0 0, v0x564614fc6dd0_0;  1 drivers
v0x564614fc78c0_0 .net "full", 0 0, v0x564614fc6fa0_0;  1 drivers
v0x564614fc7960_0 .var "rd_en", 0 0;
v0x564614fc7a30_0 .var "rst_n", 0 0;
v0x564614fc7b00_0 .var "wr_en", 0 0;
S_0x564614fa1120 .scope module, "uut" "fifo" 2 14, 3 1 0, S_0x564614f95b10;
 .timescale 0 0;
    .port_info 0 /INPUT 1 "clk"
    .port_info 1 /INPUT 1 "rst_n"
    .port_info 2 /INPUT 1 "wr_en"
    .port_info 3 /INPUT 1 "rd_en"
    .port_info 4 /INPUT 16 "data_in"
    .port_info 5 /OUTPUT 16 "data_out"
    .port_info 6 /OUTPUT 1 "full"
    .port_info 7 /OUTPUT 1 "empty"
P_0x564614fa12a0 .param/l "FIFO_DEPTH" 0 3 11, +C4<00000000000000000000000000100000>;
v0x564614f94ee0_0 .net "clk", 0 0, v0x564614fc7560_0;  1 drivers
v0x564614f94f80_0 .var "count", 5 0;
v0x564614fc6c00_0 .net "data_in", 15 0, v0x564614fc7620_0;  1 drivers
v0x564614fc6cf0_0 .var "data_out", 15 0;
v0x564614fc6dd0_0 .var "empty", 0 0;
v0x564614fc6ee0 .array "fifo", 31 0, 7 0;
v0x564614fc6fa0_0 .var "full", 0 0;
v0x564614fc7060_0 .net "rd_en", 0 0, v0x564614fc7960_0;  1 drivers
v0x564614fc7120_0 .var "rd_ptr", 4 0;
v0x564614fc7200_0 .net "rst_n", 0 0, v0x564614fc7a30_0;  1 drivers
v0x564614fc72c0_0 .net "wr_en", 0 0, v0x564614fc7b00_0;  1 drivers
v0x564614fc7380_0 .var "wr_ptr", 4 0;
E_0x564614f9cc80/0 .event negedge, v0x564614fc7200_0;
E_0x564614f9cc80/1 .event posedge, v0x564614f94ee0_0;
E_0x564614f9cc80 .event/or E_0x564614f9cc80/0, E_0x564614f9cc80/1;
    .scope S_0x564614fa1120;
T_0 ;
    %wait E_0x564614f9cc80;
    %load/vec4 v0x564614fc7200_0;
    %nor/r;
    %flag_set/vec4 8;
    %jmp/0xz  T_0.0, 8;
    %pushi/vec4 0, 0, 5;
    %assign/vec4 v0x564614fc7380_0, 0;
    %pushi/vec4 0, 0, 5;
    %assign/vec4 v0x564614fc7120_0, 0;
    %pushi/vec4 0, 0, 6;
    %assign/vec4 v0x564614f94f80_0, 0;
    %pushi/vec4 0, 0, 1;
    %assign/vec4 v0x564614fc6fa0_0, 0;
    %pushi/vec4 1, 0, 1;
    %assign/vec4 v0x564614fc6dd0_0, 0;
    %pushi/vec4 0, 0, 16;
    %assign/vec4 v0x564614fc6cf0_0, 0;
    %jmp T_0.1;
T_0.0 ;
    %load/vec4 v0x564614fc72c0_0;
    %load/vec4 v0x564614f94f80_0;
    %pad/u 32;
    %cmpi/u 30, 0, 32;
    %flag_get/vec4 4;
    %flag_get/vec4 5;
    %or;
    %and;
    %flag_set/vec4 8;
    %jmp/0xz  T_0.2, 8;
    %load/vec4 v0x564614fc6c00_0;
    %parti/s 8, 8, 5;
    %load/vec4 v0x564614fc7380_0;
    %pad/u 7;
    %ix/vec4 3;
    %ix/load 4, 0, 0; Constant delay
    %assign/vec4/a/d v0x564614fc6ee0, 0, 4;
    %load/vec4 v0x564614fc6c00_0;
    %parti/s 8, 0, 2;
    %load/vec4 v0x564614fc7380_0;
    %pad/u 33;
    %addi 1, 0, 33;
    %ix/vec4 3;
    %ix/load 4, 0, 0; Constant delay
    %assign/vec4/a/d v0x564614fc6ee0, 0, 4;
    %load/vec4 v0x564614fc7380_0;
    %pad/u 32;
    %addi 2, 0, 32;
    %pushi/vec4 32, 0, 32;
    %mod;
    %pad/u 5;
    %assign/vec4 v0x564614fc7380_0, 0;
    %load/vec4 v0x564614f94f80_0;
    %addi 2, 0, 6;
    %assign/vec4 v0x564614f94f80_0, 0;
T_0.2 ;
    %load/vec4 v0x564614fc7060_0;
    %pushi/vec4 2, 0, 32;
    %load/vec4 v0x564614f94f80_0;
    %pad/u 32;
    %cmp/u;
    %flag_get/vec4 4;
    %flag_get/vec4 5;
    %or;
    %and;
    %flag_set/vec4 8;
    %jmp/0xz  T_0.4, 8;
    %load/vec4 v0x564614fc7120_0;
    %pad/u 7;
    %ix/vec4 4;
    %load/vec4a v0x564614fc6ee0, 4;
    %load/vec4 v0x564614fc7120_0;
    %pad/u 33;
    %addi 1, 0, 33;
    %ix/vec4 4;
    %load/vec4a v0x564614fc6ee0, 4;
    %concat/vec4; draw_concat_vec4
    %assign/vec4 v0x564614fc6cf0_0, 0;
    %load/vec4 v0x564614fc7120_0;
    %pad/u 32;
    %addi 2, 0, 32;
    %pushi/vec4 32, 0, 32;
    %mod;
    %pad/u 5;
    %assign/vec4 v0x564614fc7120_0, 0;
    %load/vec4 v0x564614f94f80_0;
    %subi 2, 0, 6;
    %assign/vec4 v0x564614f94f80_0, 0;
T_0.4 ;
    %pushi/vec4 31, 0, 32;
    %load/vec4 v0x564614f94f80_0;
    %pad/u 32;
    %cmp/u;
    %flag_get/vec4 4;
    %flag_get/vec4 5;
    %or;
    %assign/vec4 v0x564614fc6fa0_0, 0;
    %load/vec4 v0x564614f94f80_0;
    %pad/u 32;
    %pushi/vec4 0, 0, 32;
    %cmp/e;
    %flag_get/vec4 4;
    %assign/vec4 v0x564614fc6dd0_0, 0;
T_0.1 ;
    %jmp T_0;
    .thread T_0;
    .scope S_0x564614f95b10;
T_1 ;
    %vpi_call 2 25 "$dumpfile", "fifo_testbench.vcd" {0 0 0};
    %vpi_call 2 26 "$dumpvars", 32'sb00000000000000000000000000000000, S_0x564614f95b10 {0 0 0};
    %end;
    .thread T_1;
    .scope S_0x564614f95b10;
T_2 ;
    %pushi/vec4 0, 0, 1;
    %store/vec4 v0x564614fc7560_0, 0, 1;
    %delay 5000, 0;
    %pushi/vec4 1, 0, 1;
    %store/vec4 v0x564614fc7560_0, 0, 1;
    %delay 5000, 0;
    %jmp T_2;
    .thread T_2;
    .scope S_0x564614f95b10;
T_3 ;
    %pushi/vec4 0, 0, 1;
    %store/vec4 v0x564614fc7a30_0, 0, 1;
    %pushi/vec4 0, 0, 1;
    %store/vec4 v0x564614fc7b00_0, 0, 1;
    %pushi/vec4 0, 0, 1;
    %store/vec4 v0x564614fc7960_0, 0, 1;
    %pushi/vec4 0, 0, 16;
    %store/vec4 v0x564614fc7620_0, 0, 16;
    %delay 10000, 0;
    %pushi/vec4 1, 0, 1;
    %store/vec4 v0x564614fc7a30_0, 0, 1;
    %pushi/vec4 1, 0, 1;
    %store/vec4 v0x564614fc7b00_0, 0, 1;
    %pushi/vec4 43981, 0, 16;
    %store/vec4 v0x564614fc7620_0, 0, 16;
    %delay 10000, 0;
    %pushi/vec4 4660, 0, 16;
    %store/vec4 v0x564614fc7620_0, 0, 16;
    %delay 10000, 0;
    %pushi/vec4 0, 0, 1;
    %store/vec4 v0x564614fc7b00_0, 0, 1;
    %delay 10000, 0;
    %load/vec4 v0x564614fc78c0_0;
    %flag_set/vec4 8;
    %jmp/0xz  T_3.0, 8;
    %vpi_call 2 61 "$display", "FIFO is full at time %0t after writing two items.", $time {0 0 0};
    %jmp T_3.1;
T_3.0 ;
    %vpi_call 2 63 "$display", "FIFO is not full at time %0t after writing two items.", $time {0 0 0};
T_3.1 ;
    %pushi/vec4 1, 0, 1;
    %store/vec4 v0x564614fc7960_0, 0, 1;
    %delay 10000, 0;
    %load/vec4 v0x564614fc77f0_0;
    %nor/r;
    %flag_set/vec4 8;
    %jmp/0xz  T_3.2, 8;
    %vpi_call 2 72 "$display", "Read data: %h at time %0t", v0x564614fc76f0_0, $time {0 0 0};
    %jmp T_3.3;
T_3.2 ;
    %vpi_call 2 74 "$display", "FIFO is empty at time %0t", $time {0 0 0};
T_3.3 ;
    %delay 10000, 0;
    %load/vec4 v0x564614fc77f0_0;
    %nor/r;
    %flag_set/vec4 8;
    %jmp/0xz  T_3.4, 8;
    %vpi_call 2 80 "$display", "Read data: %h at time %0t", v0x564614fc76f0_0, $time {0 0 0};
    %jmp T_3.5;
T_3.4 ;
    %vpi_call 2 82 "$display", "FIFO is empty at time %0t", $time {0 0 0};
T_3.5 ;
    %pushi/vec4 0, 0, 1;
    %store/vec4 v0x564614fc7960_0, 0, 1;
    %delay 10000, 0;
    %pushi/vec4 1, 0, 1;
    %store/vec4 v0x564614fc7b00_0, 0, 1;
    %pushi/vec4 22136, 0, 16;
    %store/vec4 v0x564614fc7620_0, 0, 16;
    %delay 10000, 0;
    %pushi/vec4 39612, 0, 16;
    %store/vec4 v0x564614fc7620_0, 0, 16;
    %delay 10000, 0;
    %pushi/vec4 0, 0, 1;
    %store/vec4 v0x564614fc7b00_0, 0, 1;
    %delay 10000, 0;
    %load/vec4 v0x564614fc78c0_0;
    %flag_set/vec4 8;
    %jmp/0xz  T_3.6, 8;
    %vpi_call 2 104 "$display", "FIFO is full at time %0t after writing additional items.", $time {0 0 0};
    %jmp T_3.7;
T_3.6 ;
    %vpi_call 2 106 "$display", "FIFO is not full at time %0t after writing additional items.", $time {0 0 0};
T_3.7 ;
    %pushi/vec4 1, 0, 1;
    %store/vec4 v0x564614fc7960_0, 0, 1;
    %delay 10000, 0;
    %load/vec4 v0x564614fc77f0_0;
    %nor/r;
    %flag_set/vec4 8;
    %jmp/0xz  T_3.8, 8;
    %vpi_call 2 115 "$display", "Read data: %h at time %0t", v0x564614fc76f0_0, $time {0 0 0};
    %jmp T_3.9;
T_3.8 ;
    %vpi_call 2 117 "$display", "FIFO is empty at time %0t", $time {0 0 0};
T_3.9 ;
    %delay 10000, 0;
    %load/vec4 v0x564614fc77f0_0;
    %nor/r;
    %flag_set/vec4 8;
    %jmp/0xz  T_3.10, 8;
    %vpi_call 2 123 "$display", "Read data: %h at time %0t", v0x564614fc76f0_0, $time {0 0 0};
    %jmp T_3.11;
T_3.10 ;
    %vpi_call 2 125 "$display", "FIFO is empty at time %0t", $time {0 0 0};
T_3.11 ;
    %delay 10000, 0;
    %load/vec4 v0x564614fc77f0_0;
    %nor/r;
    %flag_set/vec4 8;
    %jmp/0xz  T_3.12, 8;
    %vpi_call 2 131 "$display", "Read data: %h at time %0t", v0x564614fc76f0_0, $time {0 0 0};
    %jmp T_3.13;
T_3.12 ;
    %vpi_call 2 133 "$display", "FIFO is empty at time %0t", $time {0 0 0};
T_3.13 ;
    %pushi/vec4 0, 0, 1;
    %store/vec4 v0x564614fc7960_0, 0, 1;
    %delay 10000, 0;
    %vpi_call 2 141 "$finish" {0 0 0};
    %end;
    .thread T_3;
    .scope S_0x564614f95b10;
T_4 ;
    %vpi_call 2 146 "$monitor", "Time: %0t | wr_en: %b | rd_en: %b | data_in: %h | data_out: %h | full: %b | empty: %b", $time, v0x564614fc7b00_0, v0x564614fc7960_0, v0x564614fc7620_0, v0x564614fc76f0_0, v0x564614fc78c0_0, v0x564614fc77f0_0 {0 0 0};
    %end;
    .thread T_4;
# The file index is used to find the file name in the following table.
:file_names 4;
    "N/A";
    "<interactive>";
    "tb_fifo.v";
    "fifo.v";
