Startpoint: _2362_ (rising edge-triggered flip-flop clocked by MYCLK)
Endpoint: _2367_ (rising edge-triggered flip-flop clocked by MYCLK)
Path Group: MYCLK
Path Type: min

  Delay    Time   Description
---------------------------------------------------------
   0.00    0.00   clock MYCLK (rise edge)
   2.00    2.00   clock network delay (ideal)
   0.00    2.00 ^ _2362_/CLK (sky130_fd_sc_hd__dfrtp_1)
   0.34    2.34 ^ _2362_/Q (sky130_fd_sc_hd__dfrtp_1)
   0.00    2.34 ^ _2367_/D (sky130_fd_sc_hd__dfrtp_1)
           2.34   data arrival time

   0.00    0.00   clock MYCLK (rise edge)
   2.00    2.00   clock network delay (ideal)
   0.10    2.10   clock uncertainty
   0.00    2.10   clock reconvergence pessimism
           2.10 ^ _2367_/CLK (sky130_fd_sc_hd__dfrtp_1)
  -0.05    2.05   library hold time
           2.05   data required time
---------------------------------------------------------
           2.05   data required time
          -2.34   data arrival time
---------------------------------------------------------
           0.29   slack (MET)


Startpoint: wr_en (input port clocked by MYCLK)
Endpoint: _2385_ (rising edge-triggered flip-flop clocked by MYCLK)
Path Group: MYCLK
Path Type: max

  Delay    Time   Description
---------------------------------------------------------
   0.00    0.00   clock MYCLK (rise edge)
   2.00    2.00   clock network delay (ideal)
   3.00    5.00 ^ input external delay
   0.00    5.00 ^ wr_en (in)
   0.48    5.48 ^ _1835_/Y (sky130_fd_sc_hd__nor2b_1)
   0.11    5.59 v _1836_/Y (sky130_fd_sc_hd__nand2_1)
   0.36    5.95 v _2073_/X (sky130_fd_sc_hd__or3_1)
   1.20    7.16 ^ _2074_/Y (sky130_fd_sc_hd__nor3_1)
   0.38    7.54 v _2075_/X (sky130_fd_sc_hd__mux2_1)
   0.00    7.54 v _2385_/D (sky130_fd_sc_hd__dfxtp_1)
           7.54   data arrival time

  10.00   10.00   clock MYCLK (rise edge)
   2.00   12.00   clock network delay (ideal)
  -0.50   11.50   clock uncertainty
   0.00   11.50   clock reconvergence pessimism
          11.50 ^ _2385_/CLK (sky130_fd_sc_hd__dfxtp_1)
  -0.12   11.38   library setup time
          11.38   data required time
---------------------------------------------------------
          11.38   data required time
          -7.54   data arrival time
---------------------------------------------------------
           3.84   slack (MET)


max_transition

Pin _1884_/Y ^
max_transition     1.48
transition_time    1.66
-----------------------
Slack             -0.18 (VIOLATED)

